

*******************************************************************************
Sat Sep 05 21:55:12 2009


FIT:    data read from "8/proces0_symulacja0_5.txt" using 1:2
	x range restricted to [8.00000 : 20.0000]
        #datapoints = 13
        residuals are weighted equally (unit weight)

function used for fitting: f(x)
fitted parameters initialized with current variable values



 Iteration 0
 WSSR        : 6.70325           delta(WSSR)/WSSR   : 0
 delta(WSSR) : 0                 limit for stopping : 1e-005
 lambda	  : 10.3477

initial set of free parameter values

b               = 1
c               = 1

After 58 iterations the fit converged.
final sum of squares of residuals : 0.0159693
rel. change during last iteration : -4.77076e-007

degrees of freedom    (FIT_NDF)                        : 11
rms of residuals      (FIT_STDFIT) = sqrt(WSSR/ndf)    : 0.0381019
variance of residuals (reduced chisquare) = WSSR/ndf   : 0.00145175

Final set of parameters            Asymptotic Standard Error
=======================            ==========================

b               = 0.0485617        +/- 0.009163     (18.87%)
c               = 1.12821          +/- 0.01228      (1.088%)


correlation matrix of the fit parameters:

               b      c      
b               1.000 
c              -0.984  1.000 


*******************************************************************************
Sat Sep 05 21:55:37 2009


FIT:    data read from "8/proces0_symulacja0_5.txt" using 1:2
	x range restricted to [8.00000 : 25.0000]
        #datapoints = 18
        residuals are weighted equally (unit weight)

function used for fitting: f(x)
fitted parameters initialized with current variable values



 Iteration 0
 WSSR        : 6.72635           delta(WSSR)/WSSR   : 0
 delta(WSSR) : 0                 limit for stopping : 1e-005
 lambda	  : 12.3643

initial set of free parameter values

b               = 1
c               = 1

After 34 iterations the fit converged.
final sum of squares of residuals : 0.134462
rel. change during last iteration : -7.90772e-008

degrees of freedom    (FIT_NDF)                        : 16
rms of residuals      (FIT_STDFIT) = sqrt(WSSR/ndf)    : 0.0916725
variance of residuals (reduced chisquare) = WSSR/ndf   : 0.00840385

Final set of parameters            Asymptotic Standard Error
=======================            ==========================

b               = 0.0466983        +/- 0.0112       (23.99%)
c               = 1.13726          +/- 0.01225      (1.077%)


correlation matrix of the fit parameters:

               b      c      
b               1.000 
c              -0.988  1.000 


*******************************************************************************
Sat Sep 05 21:55:56 2009


FIT:    data read from "8/proces0_symulacja0_5.txt" using 1:2
	x range restricted to [8.00000 : 22.0000]
        #datapoints = 15
        residuals are weighted equally (unit weight)

function used for fitting: f(x)
fitted parameters initialized with current variable values



 Iteration 0
 WSSR        : 6.72635           delta(WSSR)/WSSR   : 0
 delta(WSSR) : 0                 limit for stopping : 1e-005
 lambda	  : 11.1507

initial set of free parameter values

b               = 1
c               = 1

After 75 iterations the fit converged.
final sum of squares of residuals : 0.0544079
rel. change during last iteration : -2.4889e-006

degrees of freedom    (FIT_NDF)                        : 13
rms of residuals      (FIT_STDFIT) = sqrt(WSSR/ndf)    : 0.0646933
variance of residuals (reduced chisquare) = WSSR/ndf   : 0.00418522

Final set of parameters            Asymptotic Standard Error
=======================            ==========================

b               = 0.0218028        +/- 0.006005     (27.54%)
c               = 1.18619          +/- 0.01633      (1.377%)


correlation matrix of the fit parameters:

               b      c      
b               1.000 
c              -0.991  1.000 


*******************************************************************************
Sat Sep 05 21:56:16 2009


FIT:    data read from "8/proces0_symulacja0_5.txt" using 1:2
	x range restricted to [11.0000 : 22.0000]
        #datapoints = 12
        residuals are weighted equally (unit weight)

function used for fitting: f(x)
fitted parameters initialized with current variable values



 Iteration 0
 WSSR        : 4.73527           delta(WSSR)/WSSR   : 0
 delta(WSSR) : 0                 limit for stopping : 1e-005
 lambda	  : 12.0418

initial set of free parameter values

b               = 1
c               = 1

After 56 iterations the fit converged.
final sum of squares of residuals : 0.0286522
rel. change during last iteration : -8.11963e-007

degrees of freedom    (FIT_NDF)                        : 10
rms of residuals      (FIT_STDFIT) = sqrt(WSSR/ndf)    : 0.0535278
variance of residuals (reduced chisquare) = WSSR/ndf   : 0.00286522

Final set of parameters            Asymptotic Standard Error
=======================            ==========================

b               = 0.0152529        +/- 0.004114     (26.97%)
c               = 1.20727          +/- 0.01606      (1.33%)


correlation matrix of the fit parameters:

               b      c      
b               1.000 
c              -0.993  1.000 


*******************************************************************************
Sat Sep 05 21:56:36 2009


FIT:    data read from "8/proces0_symulacja0_5.txt" using 1:2
	x range restricted to [12.0000 : 22.0000]
        #datapoints = 11
        residuals are weighted equally (unit weight)

function used for fitting: f(x)
fitted parameters initialized with current variable values



 Iteration 0
 WSSR        : 4.08564           delta(WSSR)/WSSR   : 0
 delta(WSSR) : 0                 limit for stopping : 1e-005
 lambda	  : 12.3526

initial set of free parameter values

b               = 1
c               = 1

After 100 iterations the fit converged.
final sum of squares of residuals : 0.0228323
rel. change during last iteration : -5.97095e-007

degrees of freedom    (FIT_NDF)                        : 9
rms of residuals      (FIT_STDFIT) = sqrt(WSSR/ndf)    : 0.0503679
variance of residuals (reduced chisquare) = WSSR/ndf   : 0.00253693

Final set of parameters            Asymptotic Standard Error
=======================            ==========================

b               = 0.0134402        +/- 0.00364      (27.09%)
c               = 1.21474          +/- 0.01615      (1.33%)


correlation matrix of the fit parameters:

               b      c      
b               1.000 
c              -0.994  1.000 


*******************************************************************************
Sat Sep 05 21:57:00 2009


FIT:    data read from "8/proces0_symulacja0_5.txt" using 1:2
	x range restricted to [1.00000 : 22.0000]
        #datapoints = 22
        residuals are weighted equally (unit weight)

function used for fitting: f(x)
fitted parameters initialized with current variable values



 Iteration 0
 WSSR        : 11.4381           delta(WSSR)/WSSR   : 0
 delta(WSSR) : 0                 limit for stopping : 1e-005
 lambda	  : 9.38785

initial set of free parameter values

b               = 1
c               = 1

After 9 iterations the fit converged.
final sum of squares of residuals : 0.155644
rel. change during last iteration : -4.81226e-006

degrees of freedom    (FIT_NDF)                        : 20
rms of residuals      (FIT_STDFIT) = sqrt(WSSR/ndf)    : 0.0882167
variance of residuals (reduced chisquare) = WSSR/ndf   : 0.00778218

Final set of parameters            Asymptotic Standard Error
=======================            ==========================

b               = 0.0435468        +/- 0.01185      (27.21%)
c               = 1.14532          +/- 0.0161       (1.406%)


correlation matrix of the fit parameters:

               b      c      
b               1.000 
c              -0.983  1.000 


*******************************************************************************
Sat Sep 05 21:57:15 2009


FIT:    data read from "8/proces0_symulacja0_5.txt" using 1:2
	x range restricted to [12.0000 : 22.0000]
        #datapoints = 11
        residuals are weighted equally (unit weight)

function used for fitting: f(x)
fitted parameters initialized with current variable values



 Iteration 0
 WSSR        : 4.08564           delta(WSSR)/WSSR   : 0
 delta(WSSR) : 0                 limit for stopping : 1e-005
 lambda	  : 12.3526

initial set of free parameter values

b               = 1
c               = 1

After 100 iterations the fit converged.
final sum of squares of residuals : 0.0228323
rel. change during last iteration : -5.97095e-007

degrees of freedom    (FIT_NDF)                        : 9
rms of residuals      (FIT_STDFIT) = sqrt(WSSR/ndf)    : 0.0503679
variance of residuals (reduced chisquare) = WSSR/ndf   : 0.00253693

Final set of parameters            Asymptotic Standard Error
=======================            ==========================

b               = 0.0134402        +/- 0.00364      (27.09%)
c               = 1.21474          +/- 0.01615      (1.33%)


correlation matrix of the fit parameters:

               b      c      
b               1.000 
c              -0.994  1.000 


*******************************************************************************
Sat Sep 05 21:57:49 2009


FIT:    data read from "8/proces0_symulacja0_5.txt" using 1:2
	x range restricted to [12.0000 : 22.0000]
        #datapoints = 11
        residuals are weighted equally (unit weight)

function used for fitting: f(x)
fitted parameters initialized with current variable values



 Iteration 0
 WSSR        : 4.08564           delta(WSSR)/WSSR   : 0
 delta(WSSR) : 0                 limit for stopping : 1e-005
 lambda	  : 12.3526

initial set of free parameter values

b               = 1
c               = 1

After 100 iterations the fit converged.
final sum of squares of residuals : 0.0228323
rel. change during last iteration : -5.97095e-007

degrees of freedom    (FIT_NDF)                        : 9
rms of residuals      (FIT_STDFIT) = sqrt(WSSR/ndf)    : 0.0503679
variance of residuals (reduced chisquare) = WSSR/ndf   : 0.00253693

Final set of parameters            Asymptotic Standard Error
=======================            ==========================

b               = 0.0134402        +/- 0.00364      (27.09%)
c               = 1.21474          +/- 0.01615      (1.33%)


correlation matrix of the fit parameters:

               b      c      
b               1.000 
c              -0.994  1.000 


*******************************************************************************
Sat Sep 05 21:58:35 2009


FIT:    data read from "9/proces0_symulacja0_5.txt" using 1:2
	x range restricted to [12.0000 : 22.0000]
        #datapoints = 11
        residuals are weighted equally (unit weight)

function used for fitting: f(x)
fitted parameters initialized with current variable values



 Iteration 0
 WSSR        : 5.72088           delta(WSSR)/WSSR   : 0
 delta(WSSR) : 0                 limit for stopping : 1e-005
 lambda	  : 12.3526

initial set of free parameter values

b               = 1
c               = 1

After 18 iterations the fit converged.
final sum of squares of residuals : 0.00376656
rel. change during last iteration : 0

degrees of freedom    (FIT_NDF)                        : 9
rms of residuals      (FIT_STDFIT) = sqrt(WSSR/ndf)    : 0.0204574
variance of residuals (reduced chisquare) = WSSR/ndf   : 0.000418507

Final set of parameters            Asymptotic Standard Error
=======================            ==========================

b               = 0.0548774        +/- 0.007559     (13.77%)
c               = 1.09847          +/- 0.007901     (0.7193%)


correlation matrix of the fit parameters:

               b      c      
b               1.000 
c              -0.988  1.000 


*******************************************************************************
Sat Sep 05 21:58:52 2009


FIT:    data read from "9/proces0_symulacja0_5.txt" using 1:2
	x range restricted to [12.0000 : 25.0000]
        #datapoints = 14
        residuals are weighted equally (unit weight)

function used for fitting: f(x)
fitted parameters initialized with current variable values



 Iteration 0
 WSSR        : 5.89167           delta(WSSR)/WSSR   : 0
 delta(WSSR) : 0                 limit for stopping : 1e-005
 lambda	  : 13.5361

initial set of free parameter values

b               = 1
c               = 1

After 77 iterations the fit converged.
final sum of squares of residuals : 0.055351
rel. change during last iteration : -4.73839e-007

degrees of freedom    (FIT_NDF)                        : 12
rms of residuals      (FIT_STDFIT) = sqrt(WSSR/ndf)    : 0.067916
variance of residuals (reduced chisquare) = WSSR/ndf   : 0.00461258

Final set of parameters            Asymptotic Standard Error
=======================            ==========================

b               = 0.013689         +/- 0.004599     (33.6%)
c               = 1.18399          +/- 0.01726      (1.458%)


correlation matrix of the fit parameters:

               b      c      
b               1.000 
c              -0.993  1.000 


*******************************************************************************
Sat Sep 05 21:59:25 2009


FIT:    data read from "9/proces0_symulacja0_5.txt" using 1:2
	x range restricted to [1.00000 : 25.0000]
        #datapoints = 25
        residuals are weighted equally (unit weight)

function used for fitting: f(x)
fitted parameters initialized with current variable values



 Iteration 0
 WSSR        : 13.0926           delta(WSSR)/WSSR   : 0
 delta(WSSR) : 0                 limit for stopping : 1e-005
 lambda	  : 10.6313

initial set of free parameter values

b               = 1
c               = 1

After 8 iterations the fit converged.
final sum of squares of residuals : 0.226266
rel. change during last iteration : -9.55217e-006

degrees of freedom    (FIT_NDF)                        : 23
rms of residuals      (FIT_STDFIT) = sqrt(WSSR/ndf)    : 0.099185
variance of residuals (reduced chisquare) = WSSR/ndf   : 0.00983767

Final set of parameters            Asymptotic Standard Error
=======================            ==========================

b               = 0.0484816        +/- 0.01371      (28.29%)
c               = 1.11923          +/- 0.01454      (1.299%)


correlation matrix of the fit parameters:

               b      c      
b               1.000 
c              -0.981  1.000 


*******************************************************************************
Sat Sep 05 21:59:38 2009


FIT:    data read from "9/proces0_symulacja0_5.txt" using 1:2
	x range restricted to [13.0000 : 25.0000]
        #datapoints = 13
        residuals are weighted equally (unit weight)

function used for fitting: f(x)
fitted parameters initialized with current variable values



 Iteration 0
 WSSR        : 5.24526           delta(WSSR)/WSSR   : 0
 delta(WSSR) : 0                 limit for stopping : 1e-005
 lambda	  : 13.845

initial set of free parameter values

b               = 1
c               = 1

After 66 iterations the fit converged.
final sum of squares of residuals : 0.0462246
rel. change during last iteration : -4.26774e-007

degrees of freedom    (FIT_NDF)                        : 11
rms of residuals      (FIT_STDFIT) = sqrt(WSSR/ndf)    : 0.0648247
variance of residuals (reduced chisquare) = WSSR/ndf   : 0.00420224

Final set of parameters            Asymptotic Standard Error
=======================            ==========================

b               = 0.0118518        +/- 0.004035     (34.04%)
c               = 1.19136          +/- 0.01752      (1.471%)


correlation matrix of the fit parameters:

               b      c      
b               1.000 
c              -0.994  1.000 


*******************************************************************************
Sat Sep 05 22:00:18 2009


FIT:    data read from "9/proces0_symulacja0_5.txt" using 1:2
	x range restricted to [13.0000 : 25.0000]
        #datapoints = 13
        residuals are weighted equally (unit weight)

function used for fitting: f(x)
fitted parameters initialized with current variable values



 Iteration 0
 WSSR        : 5.24526           delta(WSSR)/WSSR   : 0
 delta(WSSR) : 0                 limit for stopping : 1e-005
 lambda	  : 13.845

initial set of free parameter values

b               = 1
c               = 1

After 66 iterations the fit converged.
final sum of squares of residuals : 0.0462246
rel. change during last iteration : -4.26774e-007

degrees of freedom    (FIT_NDF)                        : 11
rms of residuals      (FIT_STDFIT) = sqrt(WSSR/ndf)    : 0.0648247
variance of residuals (reduced chisquare) = WSSR/ndf   : 0.00420224

Final set of parameters            Asymptotic Standard Error
=======================            ==========================

b               = 0.0118518        +/- 0.004035     (34.04%)
c               = 1.19136          +/- 0.01752      (1.471%)


correlation matrix of the fit parameters:

               b      c      
b               1.000 
c              -0.994  1.000 


*******************************************************************************
Thu Oct 08 22:46:58 2009


FIT:    data read from "7/proces0_symulacja0_5.txt" using 1:2
	x range restricted to [8.00000 : 20.0000]
        #datapoints = 13
        residuals are weighted equally (unit weight)

function used for fitting: f(x)
fitted parameters initialized with current variable values



 Iteration 0
 WSSR        : 4.94347           delta(WSSR)/WSSR   : 0
 delta(WSSR) : 0                 limit for stopping : 1e-005
 lambda	  : 10.3477

initial set of free parameter values

b               = 1
c               = 1

After 47 iterations the fit converged.
final sum of squares of residuals : 0.0522394
rel. change during last iteration : -6.08594e-006

degrees of freedom    (FIT_NDF)                        : 11
rms of residuals      (FIT_STDFIT) = sqrt(WSSR/ndf)    : 0.0689133
variance of residuals (reduced chisquare) = WSSR/ndf   : 0.00474904

Final set of parameters            Asymptotic Standard Error
=======================            ==========================

b               = 0.0296519        +/- 0.007443     (25.1%)
c               = 1.19862          +/- 0.01657      (1.383%)


correlation matrix of the fit parameters:

               b      c      
b               1.000 
c              -0.991  1.000 


*******************************************************************************
Thu Oct 08 22:54:32 2009


FIT:    data read from "8/proces0_symulacja0_5.txt" using 1:2
	x range restricted to [12.0000 : 22.0000]
        #datapoints = 11
        residuals are weighted equally (unit weight)

function used for fitting: f(x)
fitted parameters initialized with current variable values



 Iteration 0
 WSSR        : 4.08564           delta(WSSR)/WSSR   : 0
 delta(WSSR) : 0                 limit for stopping : 1e-005
 lambda	  : 12.3526

initial set of free parameter values

b               = 1
c               = 1

After 100 iterations the fit converged.
final sum of squares of residuals : 0.0228323
rel. change during last iteration : -5.97095e-007

degrees of freedom    (FIT_NDF)                        : 9
rms of residuals      (FIT_STDFIT) = sqrt(WSSR/ndf)    : 0.0503679
variance of residuals (reduced chisquare) = WSSR/ndf   : 0.00253693

Final set of parameters            Asymptotic Standard Error
=======================            ==========================

b               = 0.0134402        +/- 0.00364      (27.09%)
c               = 1.21474          +/- 0.01615      (1.33%)


correlation matrix of the fit parameters:

               b      c      
b               1.000 
c              -0.994  1.000 


*******************************************************************************
Thu Oct 08 23:01:24 2009


FIT:    data read from "9/proces0_symulacja0_5.txt" using 1:2
	x range restricted to [13.0000 : 25.0000]
        #datapoints = 13
        residuals are weighted equally (unit weight)

function used for fitting: f(x)
fitted parameters initialized with current variable values



 Iteration 0
 WSSR        : 5.24526           delta(WSSR)/WSSR   : 0
 delta(WSSR) : 0                 limit for stopping : 1e-005
 lambda	  : 13.845

initial set of free parameter values

b               = 1
c               = 1

After 66 iterations the fit converged.
final sum of squares of residuals : 0.0462246
rel. change during last iteration : -4.26774e-007

degrees of freedom    (FIT_NDF)                        : 11
rms of residuals      (FIT_STDFIT) = sqrt(WSSR/ndf)    : 0.0648247
variance of residuals (reduced chisquare) = WSSR/ndf   : 0.00420224

Final set of parameters            Asymptotic Standard Error
=======================            ==========================

b               = 0.0118518        +/- 0.004035     (34.04%)
c               = 1.19136          +/- 0.01752      (1.471%)


correlation matrix of the fit parameters:

               b      c      
b               1.000 
c              -0.994  1.000 
